0 verbose cli C:\Program Files\nodejs\node.exe C:\Program Files\nodejs\node_modules\npm\bin\npm-cli.js
1 info using npm@11.13.0
2 info using node@v26.2.0
3 silly config load:file:C:\Program Files\nodejs\node_modules\npm\npmrc
4 silly config load:file:D:\savean_tugas\vscode\cv\.npmrc
5 silly config load:file:C:\Users\Hype\.npmrc
6 silly config load:file:C:\Users\Hype\AppData\Roaming\npm\etc\npmrc
7 verbose title npm run build
8 verbose argv "run" "build"
9 verbose logfile logs-max:10 dir:D:\savean_tugas\vscode\cv\.npm-cache\_logs\2026-06-05T08_19_16_467Z-
10 verbose logfile D:\savean_tugas\vscode\cv\.npm-cache\_logs\2026-06-05T08_19_16_467Z-debug-0.log
11 silly logfile done cleaning log files
12 http fetch GET 200 https://registry.npmjs.org/npm 1035ms
13 verbose cwd D:\savean_tugas\vscode\cv
14 verbose os Windows_NT 10.0.26200
15 verbose node v26.2.0
16 verbose npm  v11.13.0
17 notice
17 notice New minor version of npm available! 11.13.0 -> 11.16.0
17 notice Changelog: https://github.com/npm/cli/releases/tag/v11.16.0
17 notice To update run: npm install -g npm@11.16.0
17 notice  { force: true, Symbol(proc-log.meta): true }
18 verbose exit 1
19 verbose code 1
